<?xml version="1.0" encoding="UTF-8"?>
<testng-results skipped="0" failed="0" ignored="0" total="3" passed="3">
  <reporter-output>
  </reporter-output>
  <suite name="Suite" duration-ms="169968" started-at="2019-04-14T14:19:20Z" finished-at="2019-04-14T14:22:10Z">
    <groups>
    </groups>
    <test name="Test" duration-ms="169273" started-at="2019-04-14T14:19:20Z" finished-at="2019-04-14T14:22:10Z">
      <class name="krishna.test.HomePage">
        <test-method status="PASS" signature="initialize()[pri:0, instance:krishna.test.HomePage@134d211]" name="initialize" is-config="true" duration-ms="20123" started-at="2019-04-14T14:19:20Z" finished-at="2019-04-14T14:19:41Z">
          <reporter-output>
          </reporter-output>
        </test-method> <!-- initialize -->
        <test-method status="PASS" signature="basePageNavigation(java.lang.String, java.lang.String, java.lang.String)[pri:0, instance:krishna.test.HomePage@134d211]" name="basePageNavigation" duration-ms="99895" started-at="2019-04-14T14:19:41Z" data-provider="getData" finished-at="2019-04-14T14:21:21Z">
          <params>
            <param index="0">
              <value>
                <![CDATA[nonrestricteduser@qw.com]]>
              </value>
            </param>
            <param index="1">
              <value>
                <![CDATA[123456]]>
              </value>
            </param>
            <param index="2">
              <value>
                <![CDATA[Restrcited User]]>
              </value>
            </param>
          </params>
          <reporter-output>
          </reporter-output>
        </test-method> <!-- basePageNavigation -->
        <test-method status="PASS" signature="basePageNavigation(java.lang.String, java.lang.String, java.lang.String)[pri:0, instance:krishna.test.HomePage@134d211]" name="basePageNavigation" duration-ms="48279" started-at="2019-04-14T14:21:21Z" data-provider="getData" finished-at="2019-04-14T14:22:09Z">
          <params>
            <param index="0">
              <value>
                <![CDATA[restricteduser@qw.com]]>
              </value>
            </param>
            <param index="1">
              <value>
                <![CDATA[456788]]>
              </value>
            </param>
            <param index="2">
              <value>
                <![CDATA[Non restricted user]]>
              </value>
            </param>
          </params>
          <reporter-output>
          </reporter-output>
        </test-method> <!-- basePageNavigation -->
        <test-method status="PASS" signature="teardown()[pri:0, instance:krishna.test.HomePage@134d211]" name="teardown" is-config="true" duration-ms="769" started-at="2019-04-14T14:22:09Z" finished-at="2019-04-14T14:22:10Z">
          <reporter-output>
          </reporter-output>
        </test-method> <!-- teardown -->
      </class> <!-- krishna.test.HomePage -->
    </test> <!-- Test -->
    <test name="Test1" duration-ms="0" started-at="2019-04-14T14:22:10Z" finished-at="2019-04-14T14:22:10Z">
      <class name="krishna.test.App">
        <test-method status="PASS" signature="test()[pri:0, instance:krishna.test.App@11caca8]" name="test" duration-ms="0" started-at="2019-04-14T14:22:10Z" finished-at="2019-04-14T14:22:10Z">
          <reporter-output>
          </reporter-output>
        </test-method> <!-- test -->
      </class> <!-- krishna.test.App -->
    </test> <!-- Test1 -->
  </suite> <!-- Suite -->
</testng-results>
